{"numFailedTestSuites":7,"numFailedTests":2,"numPassedTestSuites":1,"numPassedTests":6,"numPendingTestSuites":0,"numPendingTests":0,"numRuntimeErrorTestSuites":5,"numTodoTests":0,"numTotalTestSuites":8,"numTotalTests":8,"openHandles":[],"snapshot":{"added":0,"didUpdate":false,"failure":false,"filesAdded":0,"filesRemoved":0,"filesRemovedList":[],"filesUnmatched":0,"filesUpdated":0,"matched":0,"total":0,"unchecked":0,"uncheckedKeysByFile":[],"unmatched":0,"updated":0},"startTime":1633205041903,"success":false,"testResults":[{"assertionResults":[{"ancestorTitles":["failure test"],"failureMessages":["Error: \u001b[2mexpect(\u001b[22m\u001b[31mreceived\u001b[39m\u001b[2m).\u001b[22mtoBeFalsy\u001b[2m()\u001b[22m\n\nReceived: \u001b[31mtrue\u001b[39m\n    at Object.<anonymous> (/Users/gim-eunhyul/Desktop/writer/src/tests/CI/failure.test.tsx:5:16)\n    at Promise.then.completed (/Users/gim-eunhyul/Desktop/writer/node_modules/jest-circus/build/utils.js:276:28)\n    at new Promise (<anonymous>)\n    at callAsyncCircusFn (/Users/gim-eunhyul/Desktop/writer/node_modules/jest-circus/build/utils.js:216:10)\n    at _callCircusTest (/Users/gim-eunhyul/Desktop/writer/node_modules/jest-circus/build/run.js:212:40)\n    at _runTest (/Users/gim-eunhyul/Desktop/writer/node_modules/jest-circus/build/run.js:149:3)\n    at _runTestsForDescribeBlock (/Users/gim-eunhyul/Desktop/writer/node_modules/jest-circus/build/run.js:63:9)\n    at _runTestsForDescribeBlock (/Users/gim-eunhyul/Desktop/writer/node_modules/jest-circus/build/run.js:57:9)\n    at run (/Users/gim-eunhyul/Desktop/writer/node_modules/jest-circus/build/run.js:25:3)\n    at runAndTransformResultsToJestFormat (/Users/gim-eunhyul/Desktop/writer/node_modules/jest-circus/build/legacy-code-todo-rewrite/jestAdapterInit.js:176:21)\n    at jestAdapter (/Users/gim-eunhyul/Desktop/writer/node_modules/jest-circus/build/legacy-code-todo-rewrite/jestAdapter.js:109:19)\n    at runTestInternal (/Users/gim-eunhyul/Desktop/writer/node_modules/jest-runner/build/runTest.js:380:16)\n    at runTest (/Users/gim-eunhyul/Desktop/writer/node_modules/jest-runner/build/runTest.js:472:34)"],"fullName":"failure test toggle on","location":null,"status":"failed","title":"toggle on"}],"endTime":1633205042848,"message":"\u001b[1m\u001b[31m  \u001b[1m● \u001b[22m\u001b[1mfailure test › toggle on\u001b[39m\u001b[22m\n\n    \u001b[2mexpect(\u001b[22m\u001b[31mreceived\u001b[39m\u001b[2m).\u001b[22mtoBeFalsy\u001b[2m()\u001b[22m\n\n    Received: \u001b[31mtrue\u001b[39m\n\u001b[2m\u001b[22m\n\u001b[2m    \u001b[0m \u001b[90m 3 |\u001b[39m describe(\u001b[32m'failure test'\u001b[39m\u001b[33m,\u001b[39m () \u001b[33m=>\u001b[39m {\u001b[0m\u001b[22m\n\u001b[2m    \u001b[0m \u001b[90m 4 |\u001b[39m \tit(\u001b[32m'toggle on'\u001b[39m\u001b[33m,\u001b[39m () \u001b[33m=>\u001b[39m {\u001b[0m\u001b[22m\n\u001b[2m    \u001b[0m\u001b[31m\u001b[1m>\u001b[22m\u001b[2m\u001b[39m\u001b[90m 5 |\u001b[39m \t\texpect(\u001b[36mtrue\u001b[39m)\u001b[33m.\u001b[39mtoBeFalsy()\u001b[33m;\u001b[39m\u001b[0m\u001b[22m\n\u001b[2m    \u001b[0m \u001b[90m   |\u001b[39m \t\t             \u001b[31m\u001b[1m^\u001b[22m\u001b[2m\u001b[39m\u001b[0m\u001b[22m\n\u001b[2m    \u001b[0m \u001b[90m 6 |\u001b[39m \t})\u001b[33m;\u001b[39m\u001b[0m\u001b[22m\n\u001b[2m    \u001b[0m \u001b[90m 7 |\u001b[39m })\u001b[33m;\u001b[39m\u001b[0m\u001b[22m\n\u001b[2m    \u001b[0m \u001b[90m 8 |\u001b[39m\u001b[0m\u001b[22m\n\u001b[2m\u001b[22m\n\u001b[2m      \u001b[2mat Object.<anonymous> (\u001b[22m\u001b[2m\u001b[0m\u001b[36msrc/tests/CI/failure.test.tsx\u001b[39m\u001b[0m\u001b[2m:5:16)\u001b[22m\u001b[2m\u001b[22m\n","name":"/Users/gim-eunhyul/Desktop/writer/src/tests/CI/failure.test.tsx","startTime":1633205042305,"status":"failed","summary":""},{"assertionResults":[{"ancestorTitles":["Rendering"],"failureMessages":[],"fullName":"Rendering render","location":null,"status":"passed","title":"render"},{"ancestorTitles":["Rendering"],"failureMessages":[],"fullName":"Rendering close by icon","location":null,"status":"passed","title":"close by icon"},{"ancestorTitles":["Rendering"],"failureMessages":[],"fullName":"Rendering close by other area","location":null,"status":"passed","title":"close by other area"},{"ancestorTitles":["Modal Content"],"failureMessages":["TypeError: _WritingApp.WritingError is not a constructor\n    at Object.<anonymous> (/Users/gim-eunhyul/Desktop/writer/src/tests/WritingApp/ReportModal.test.tsx:54:4)\n    at Promise.then.completed (/Users/gim-eunhyul/Desktop/writer/node_modules/jest-circus/build/utils.js:276:28)\n    at new Promise (<anonymous>)\n    at callAsyncCircusFn (/Users/gim-eunhyul/Desktop/writer/node_modules/jest-circus/build/utils.js:216:10)\n    at _callCircusTest (/Users/gim-eunhyul/Desktop/writer/node_modules/jest-circus/build/run.js:212:40)\n    at _runTest (/Users/gim-eunhyul/Desktop/writer/node_modules/jest-circus/build/run.js:149:3)\n    at _runTestsForDescribeBlock (/Users/gim-eunhyul/Desktop/writer/node_modules/jest-circus/build/run.js:63:9)\n    at _runTestsForDescribeBlock (/Users/gim-eunhyul/Desktop/writer/node_modules/jest-circus/build/run.js:57:9)\n    at run (/Users/gim-eunhyul/Desktop/writer/node_modules/jest-circus/build/run.js:25:3)\n    at runAndTransformResultsToJestFormat (/Users/gim-eunhyul/Desktop/writer/node_modules/jest-circus/build/legacy-code-todo-rewrite/jestAdapterInit.js:176:21)\n    at jestAdapter (/Users/gim-eunhyul/Desktop/writer/node_modules/jest-circus/build/legacy-code-todo-rewrite/jestAdapter.js:109:19)\n    at runTestInternal (/Users/gim-eunhyul/Desktop/writer/node_modules/jest-runner/build/runTest.js:380:16)\n    at runTest (/Users/gim-eunhyul/Desktop/writer/node_modules/jest-runner/build/runTest.js:472:34)"],"fullName":"Modal Content","location":null,"status":"failed","title":""}],"endTime":1633205046383,"message":"\u001b[1m\u001b[31m  \u001b[1m● \u001b[22m\u001b[1mModal Content › \u001b[39m\u001b[22m\n\n    TypeError: _WritingApp.WritingError is not a constructor\n\u001b[2m\u001b[22m\n\u001b[2m    \u001b[0m \u001b[90m 52 |\u001b[39m \tit(\u001b[32m''\u001b[39m\u001b[33m,\u001b[39m () \u001b[33m=>\u001b[39m {\u001b[0m\u001b[22m\n\u001b[2m    \u001b[0m \u001b[90m 53 |\u001b[39m \t\t\u001b[36mconst\u001b[39m errors \u001b[33m=\u001b[39m [\u001b[0m\u001b[22m\n\u001b[2m    \u001b[0m\u001b[31m\u001b[1m>\u001b[22m\u001b[2m\u001b[39m\u001b[90m 54 |\u001b[39m \t\t\t\u001b[36mnew\u001b[39m \u001b[33mWritingError\u001b[39m({\u001b[0m\u001b[22m\n\u001b[2m    \u001b[0m \u001b[90m    |\u001b[39m \t\t\t\u001b[31m\u001b[1m^\u001b[22m\u001b[2m\u001b[39m\u001b[0m\u001b[22m\n\u001b[2m    \u001b[0m \u001b[90m 55 |\u001b[39m \t\t\t\tname\u001b[33m:\u001b[39m \u001b[32m'에러 타입'\u001b[39m\u001b[33m,\u001b[39m\u001b[0m\u001b[22m\n\u001b[2m    \u001b[0m \u001b[90m 56 |\u001b[39m \t\t\t\tdescription\u001b[33m:\u001b[39m \u001b[32m'에러 설명'\u001b[39m\u001b[33m,\u001b[39m\u001b[0m\u001b[22m\n\u001b[2m    \u001b[0m \u001b[90m 57 |\u001b[39m \t\t\t\tmessage\u001b[33m:\u001b[39m \u001b[32m'에러 메시지(인포메이션용)'\u001b[39m\u001b[33m,\u001b[39m\u001b[0m\u001b[22m\n\u001b[2m\u001b[22m\n\u001b[2m      \u001b[2mat Object.<anonymous> (\u001b[22m\u001b[2m\u001b[0m\u001b[36msrc/tests/WritingApp/ReportModal.test.tsx\u001b[39m\u001b[0m\u001b[2m:54:4)\u001b[22m\u001b[2m\u001b[22m\n","name":"/Users/gim-eunhyul/Desktop/writer/src/tests/WritingApp/ReportModal.test.tsx","startTime":1633205042864,"status":"failed","summary":""},{"assertionResults":[],"coverage":{},"endTime":1633205047347,"message":"  \u001b[1m● \u001b[22mTest suite failed to run\n\n    TypeError: Class extends value undefined is not a constructor or null\n\n    \u001b[0m \u001b[90m 31 |\u001b[39m ]\u001b[33m;\u001b[39m\u001b[0m\n    \u001b[0m \u001b[90m 32 |\u001b[39m\u001b[0m\n    \u001b[0m\u001b[31m\u001b[1m>\u001b[22m\u001b[39m\u001b[90m 33 |\u001b[39m \u001b[36mclass\u001b[39m \u001b[33mForeignWordTest\u001b[39m \u001b[36mextends\u001b[39m \u001b[33mTest\u001b[39m {\u001b[0m\n    \u001b[0m \u001b[90m    |\u001b[39m                               \u001b[31m\u001b[1m^\u001b[22m\u001b[39m\u001b[0m\n    \u001b[0m \u001b[90m 34 |\u001b[39m \tconstructor() {\u001b[0m\n    \u001b[0m \u001b[90m 35 |\u001b[39m \t\t\u001b[36msuper\u001b[39m(\u001b[33mError\u001b[39m\u001b[33m.\u001b[39msymbol\u001b[33m,\u001b[39m \u001b[33mError\u001b[39m\u001b[33m.\u001b[39mname\u001b[33m,\u001b[39m \u001b[33mError\u001b[39m\u001b[33m.\u001b[39mdescription\u001b[33m,\u001b[39m \u001b[33mError\u001b[39m\u001b[33m.\u001b[39mmessage)\u001b[33m;\u001b[39m\u001b[0m\n    \u001b[0m \u001b[90m 36 |\u001b[39m \t}\u001b[0m\n\n      \u001b[2mat Object.<anonymous> (\u001b[22msrc/apps/WritingApp/scripts/test/ForeignWordTest.tsx\u001b[2m:33:31)\u001b[22m\n      \u001b[2mat Object.<anonymous> (\u001b[22msrc/apps/WritingApp/scripts/test/tests.tsx\u001b[2m:1:1)\u001b[22m\n      \u001b[2mat Object.<anonymous> (\u001b[22msrc/apps/WritingApp/scripts/grammar.tsx\u001b[2m:2:1)\u001b[22m\n      \u001b[2mat Object.<anonymous> (\u001b[22msrc/apps/WritingApp/scripts/index.tsx\u001b[2m:1:1)\u001b[22m\n      \u001b[2mat Object.<anonymous> (\u001b[22msrc/apps/WritingApp/scripts/Test.tsx\u001b[2m:2:1)\u001b[22m\n      \u001b[2mat Object.<anonymous> (\u001b[22msrc/apps/WritingApp/scripts/test/RevisionTest.tsx\u001b[2m:2:1)\u001b[22m\n      \u001b[2mat Object.<anonymous> (\u001b[22m\u001b[0m\u001b[36msrc/tests/WritingApp/RevisionTest.test.tsx\u001b[39m\u001b[0m\u001b[2m:2:1)\u001b[22m\n","name":"/Users/gim-eunhyul/Desktop/writer/src/tests/WritingApp/RevisionTest.test.tsx","startTime":1633205047347,"status":"failed","summary":""},{"assertionResults":[],"coverage":{},"endTime":1633205047347,"message":"  \u001b[1m● \u001b[22mTest suite failed to run\n\n    TypeError: Class extends value undefined is not a constructor or null\n\n    \u001b[0m \u001b[90m 31 |\u001b[39m ]\u001b[33m;\u001b[39m\u001b[0m\n    \u001b[0m \u001b[90m 32 |\u001b[39m\u001b[0m\n    \u001b[0m\u001b[31m\u001b[1m>\u001b[22m\u001b[39m\u001b[90m 33 |\u001b[39m \u001b[36mclass\u001b[39m \u001b[33mForeignWordTest\u001b[39m \u001b[36mextends\u001b[39m \u001b[33mTest\u001b[39m {\u001b[0m\n    \u001b[0m \u001b[90m    |\u001b[39m                               \u001b[31m\u001b[1m^\u001b[22m\u001b[39m\u001b[0m\n    \u001b[0m \u001b[90m 34 |\u001b[39m \tconstructor() {\u001b[0m\n    \u001b[0m \u001b[90m 35 |\u001b[39m \t\t\u001b[36msuper\u001b[39m(\u001b[33mError\u001b[39m\u001b[33m.\u001b[39msymbol\u001b[33m,\u001b[39m \u001b[33mError\u001b[39m\u001b[33m.\u001b[39mname\u001b[33m,\u001b[39m \u001b[33mError\u001b[39m\u001b[33m.\u001b[39mdescription\u001b[33m,\u001b[39m \u001b[33mError\u001b[39m\u001b[33m.\u001b[39mmessage)\u001b[33m;\u001b[39m\u001b[0m\n    \u001b[0m \u001b[90m 36 |\u001b[39m \t}\u001b[0m\n\n      \u001b[2mat Object.<anonymous> (\u001b[22msrc/apps/WritingApp/scripts/test/ForeignWordTest.tsx\u001b[2m:33:31)\u001b[22m\n      \u001b[2mat Object.<anonymous> (\u001b[22msrc/apps/WritingApp/scripts/test/tests.tsx\u001b[2m:1:1)\u001b[22m\n      \u001b[2mat Object.<anonymous> (\u001b[22msrc/apps/WritingApp/scripts/grammar.tsx\u001b[2m:2:1)\u001b[22m\n      \u001b[2mat Object.<anonymous> (\u001b[22msrc/apps/WritingApp/scripts/index.tsx\u001b[2m:1:1)\u001b[22m\n      \u001b[2mat Object.<anonymous> (\u001b[22msrc/apps/WritingApp/scripts/Test.tsx\u001b[2m:2:1)\u001b[22m\n      \u001b[2mat Object.<anonymous> (\u001b[22msrc/apps/WritingApp/scripts/test/BannedTest.tsx\u001b[2m:2:1)\u001b[22m\n      \u001b[2mat Object.<anonymous> (\u001b[22m\u001b[0m\u001b[36msrc/tests/WritingApp/BannedTest.test.tsx\u001b[39m\u001b[0m\u001b[2m:2:1)\u001b[22m\n","name":"/Users/gim-eunhyul/Desktop/writer/src/tests/WritingApp/BannedTest.test.tsx","startTime":1633205047347,"status":"failed","summary":""},{"assertionResults":[],"coverage":{},"endTime":1633205047347,"message":"  \u001b[1m● \u001b[22mTest suite failed to run\n\n    TypeError: Class extends value undefined is not a constructor or null\n\n    \u001b[0m \u001b[90m 31 |\u001b[39m ]\u001b[33m;\u001b[39m\u001b[0m\n    \u001b[0m \u001b[90m 32 |\u001b[39m\u001b[0m\n    \u001b[0m\u001b[31m\u001b[1m>\u001b[22m\u001b[39m\u001b[90m 33 |\u001b[39m \u001b[36mclass\u001b[39m \u001b[33mForeignWordTest\u001b[39m \u001b[36mextends\u001b[39m \u001b[33mTest\u001b[39m {\u001b[0m\n    \u001b[0m \u001b[90m    |\u001b[39m                               \u001b[31m\u001b[1m^\u001b[22m\u001b[39m\u001b[0m\n    \u001b[0m \u001b[90m 34 |\u001b[39m \tconstructor() {\u001b[0m\n    \u001b[0m \u001b[90m 35 |\u001b[39m \t\t\u001b[36msuper\u001b[39m(\u001b[33mError\u001b[39m\u001b[33m.\u001b[39msymbol\u001b[33m,\u001b[39m \u001b[33mError\u001b[39m\u001b[33m.\u001b[39mname\u001b[33m,\u001b[39m \u001b[33mError\u001b[39m\u001b[33m.\u001b[39mdescription\u001b[33m,\u001b[39m \u001b[33mError\u001b[39m\u001b[33m.\u001b[39mmessage)\u001b[33m;\u001b[39m\u001b[0m\n    \u001b[0m \u001b[90m 36 |\u001b[39m \t}\u001b[0m\n\n      \u001b[2mat Object.<anonymous> (\u001b[22msrc/apps/WritingApp/scripts/test/ForeignWordTest.tsx\u001b[2m:33:31)\u001b[22m\n      \u001b[2mat Object.<anonymous> (\u001b[22msrc/apps/WritingApp/scripts/test/tests.tsx\u001b[2m:1:1)\u001b[22m\n      \u001b[2mat Object.<anonymous> (\u001b[22msrc/apps/WritingApp/scripts/grammar.tsx\u001b[2m:2:1)\u001b[22m\n      \u001b[2mat Object.<anonymous> (\u001b[22msrc/apps/WritingApp/scripts/index.tsx\u001b[2m:1:1)\u001b[22m\n      \u001b[2mat Object.<anonymous> (\u001b[22msrc/apps/WritingApp/scripts/Test.tsx\u001b[2m:2:1)\u001b[22m\n      \u001b[2mat Object.<anonymous> (\u001b[22msrc/apps/WritingApp/scripts/test/DoubleNegativeTest.tsx\u001b[2m:2:1)\u001b[22m\n      \u001b[2mat Object.<anonymous> (\u001b[22m\u001b[0m\u001b[36msrc/tests/WritingApp/DoubleNegativeTest.test.tsx\u001b[39m\u001b[0m\u001b[2m:2:1)\u001b[22m\n","name":"/Users/gim-eunhyul/Desktop/writer/src/tests/WritingApp/DoubleNegativeTest.test.tsx","startTime":1633205047347,"status":"failed","summary":""},{"assertionResults":[],"coverage":{},"endTime":1633205047347,"message":"  \u001b[1m● \u001b[22mTest suite failed to run\n\n    TypeError: Class extends value undefined is not a constructor or null\n\n    \u001b[0m \u001b[90m 31 |\u001b[39m ]\u001b[33m;\u001b[39m\u001b[0m\n    \u001b[0m \u001b[90m 32 |\u001b[39m\u001b[0m\n    \u001b[0m\u001b[31m\u001b[1m>\u001b[22m\u001b[39m\u001b[90m 33 |\u001b[39m \u001b[36mclass\u001b[39m \u001b[33mForeignWordTest\u001b[39m \u001b[36mextends\u001b[39m \u001b[33mTest\u001b[39m {\u001b[0m\n    \u001b[0m \u001b[90m    |\u001b[39m                               \u001b[31m\u001b[1m^\u001b[22m\u001b[39m\u001b[0m\n    \u001b[0m \u001b[90m 34 |\u001b[39m \tconstructor() {\u001b[0m\n    \u001b[0m \u001b[90m 35 |\u001b[39m \t\t\u001b[36msuper\u001b[39m(\u001b[33mError\u001b[39m\u001b[33m.\u001b[39msymbol\u001b[33m,\u001b[39m \u001b[33mError\u001b[39m\u001b[33m.\u001b[39mname\u001b[33m,\u001b[39m \u001b[33mError\u001b[39m\u001b[33m.\u001b[39mdescription\u001b[33m,\u001b[39m \u001b[33mError\u001b[39m\u001b[33m.\u001b[39mmessage)\u001b[33m;\u001b[39m\u001b[0m\n    \u001b[0m \u001b[90m 36 |\u001b[39m \t}\u001b[0m\n\n      \u001b[2mat Object.<anonymous> (\u001b[22msrc/apps/WritingApp/scripts/test/ForeignWordTest.tsx\u001b[2m:33:31)\u001b[22m\n      \u001b[2mat Object.<anonymous> (\u001b[22msrc/apps/WritingApp/scripts/test/tests.tsx\u001b[2m:1:1)\u001b[22m\n      \u001b[2mat Object.<anonymous> (\u001b[22msrc/apps/WritingApp/scripts/grammar.tsx\u001b[2m:2:1)\u001b[22m\n      \u001b[2mat Object.<anonymous> (\u001b[22msrc/apps/WritingApp/scripts/index.tsx\u001b[2m:1:1)\u001b[22m\n      \u001b[2mat Object.<anonymous> (\u001b[22msrc/apps/WritingApp/scripts/Test.tsx\u001b[2m:2:1)\u001b[22m\n      \u001b[2mat Object.<anonymous> (\u001b[22msrc/apps/WritingApp/scripts/test/SentenceLengthTest.tsx\u001b[2m:2:1)\u001b[22m\n      \u001b[2mat Object.<anonymous> (\u001b[22m\u001b[0m\u001b[36msrc/tests/WritingApp/SentenceLengthTest.test.tsx\u001b[39m\u001b[0m\u001b[2m:2:1)\u001b[22m\n","name":"/Users/gim-eunhyul/Desktop/writer/src/tests/WritingApp/SentenceLengthTest.test.tsx","startTime":1633205047347,"status":"failed","summary":""},{"assertionResults":[{"ancestorTitles":["Button"],"failureMessages":[],"fullName":"Button render","location":null,"status":"passed","title":"render"},{"ancestorTitles":["Button"],"failureMessages":[],"fullName":"Button classNames","location":null,"status":"passed","title":"classNames"},{"ancestorTitles":["Button"],"failureMessages":[],"fullName":"Button click event","location":null,"status":"passed","title":"click event"}],"endTime":1633205047191,"message":"","name":"/Users/gim-eunhyul/Desktop/writer/src/tests/WritingApp/Button.test.tsx","startTime":1633205047027,"status":"passed","summary":""},{"assertionResults":[],"coverage":{},"endTime":1633205047347,"message":"  \u001b[1m● \u001b[22mTest suite failed to run\n\n    TypeError: Class extends value undefined is not a constructor or null\n\n    \u001b[0m \u001b[90m  9 |\u001b[39m }\u001b[33m;\u001b[39m\u001b[0m\n    \u001b[0m \u001b[90m 10 |\u001b[39m\u001b[0m\n    \u001b[0m\u001b[31m\u001b[1m>\u001b[22m\u001b[39m\u001b[90m 11 |\u001b[39m \u001b[36mclass\u001b[39m \u001b[33mSentenceLengthTest\u001b[39m \u001b[36mextends\u001b[39m \u001b[33mTest\u001b[39m {\u001b[0m\n    \u001b[0m \u001b[90m    |\u001b[39m                                  \u001b[31m\u001b[1m^\u001b[22m\u001b[39m\u001b[0m\n    \u001b[0m \u001b[90m 12 |\u001b[39m \tconstructor() {\u001b[0m\n    \u001b[0m \u001b[90m 13 |\u001b[39m \t\t\u001b[36msuper\u001b[39m(\u001b[33mError\u001b[39m\u001b[33m.\u001b[39msymbol\u001b[33m,\u001b[39m \u001b[33mError\u001b[39m\u001b[33m.\u001b[39mname\u001b[33m,\u001b[39m \u001b[33mError\u001b[39m\u001b[33m.\u001b[39mdescription\u001b[33m,\u001b[39m \u001b[33mError\u001b[39m\u001b[33m.\u001b[39mmessage)\u001b[33m;\u001b[39m\u001b[0m\n    \u001b[0m \u001b[90m 14 |\u001b[39m \t}\u001b[0m\n\n      \u001b[2mat Object.<anonymous> (\u001b[22msrc/apps/WritingApp/scripts/test/SentenceLengthTest.tsx\u001b[2m:11:34)\u001b[22m\n      \u001b[2mat Object.<anonymous> (\u001b[22msrc/apps/WritingApp/scripts/test/tests.tsx\u001b[2m:2:1)\u001b[22m\n      \u001b[2mat Object.<anonymous> (\u001b[22msrc/apps/WritingApp/scripts/grammar.tsx\u001b[2m:2:1)\u001b[22m\n      \u001b[2mat Object.<anonymous> (\u001b[22msrc/apps/WritingApp/scripts/index.tsx\u001b[2m:1:1)\u001b[22m\n      \u001b[2mat Object.<anonymous> (\u001b[22msrc/apps/WritingApp/scripts/Test.tsx\u001b[2m:2:1)\u001b[22m\n      \u001b[2mat Object.<anonymous> (\u001b[22msrc/apps/WritingApp/scripts/test/ForeignWordTest.tsx\u001b[2m:2:1)\u001b[22m\n      \u001b[2mat Object.<anonymous> (\u001b[22m\u001b[0m\u001b[36msrc/tests/WritingApp/ForeignWordTest.test.tsx\u001b[39m\u001b[0m\u001b[2m:2:1)\u001b[22m\n","name":"/Users/gim-eunhyul/Desktop/writer/src/tests/WritingApp/ForeignWordTest.test.tsx","startTime":1633205047347,"status":"failed","summary":""}],"wasInterrupted":false}