{"numFailedTestSuites":1,"numFailedTests":0,"numPassedTestSuites":7,"numPassedTests":58,"numPendingTestSuites":0,"numPendingTests":0,"numRuntimeErrorTestSuites":1,"numTodoTests":0,"numTotalTestSuites":8,"numTotalTests":58,"openHandles":[],"snapshot":{"added":0,"didUpdate":false,"failure":false,"filesAdded":0,"filesRemoved":0,"filesRemovedList":[],"filesUnmatched":0,"filesUpdated":0,"matched":0,"total":0,"unchecked":0,"uncheckedKeysByFile":[],"unmatched":0,"updated":0},"startTime":1633223795807,"success":false,"testResults":[{"assertionResults":[{"ancestorTitles":["failure test"],"failureMessages":[],"fullName":"failure test toggle on","location":null,"status":"passed","title":"toggle on"}],"endTime":1633223798321,"message":"","name":"/Users/gim-eunhyul/Desktop/writer/src/tests/CI/failure.test.tsx","startTime":1633223796693,"status":"passed","summary":""},{"assertionResults":[{"ancestorTitles":["RightCase"],"failureMessages":[],"fullName":"RightCase toggle on","location":null,"status":"passed","title":"toggle on"},{"ancestorTitles":["RightCase"],"failureMessages":[],"fullName":"RightCase toggles off","location":null,"status":"passed","title":"toggles off"},{"ancestorTitles":["RightCase"],"failureMessages":[],"fullName":"RightCase toggle on","location":null,"status":"passed","title":"toggle on"},{"ancestorTitles":["RightCase"],"failureMessages":[],"fullName":"RightCase toggles off","location":null,"status":"passed","title":"toggles off"},{"ancestorTitles":["WrongCase"],"failureMessages":[],"fullName":"WrongCase toggle on","location":null,"status":"passed","title":"toggle on"},{"ancestorTitles":["WrongCase"],"failureMessages":[],"fullName":"WrongCase toggles off","location":null,"status":"passed","title":"toggles off"},{"ancestorTitles":["WrongCase"],"failureMessages":[],"fullName":"WrongCase toggle on","location":null,"status":"passed","title":"toggle on"},{"ancestorTitles":["WrongCase"],"failureMessages":[],"fullName":"WrongCase toggles off","location":null,"status":"passed","title":"toggles off"},{"ancestorTitles":["WrongCase"],"failureMessages":[],"fullName":"WrongCase toggle on","location":null,"status":"passed","title":"toggle on"},{"ancestorTitles":["WrongCase"],"failureMessages":[],"fullName":"WrongCase toggles off","location":null,"status":"passed","title":"toggles off"}],"endTime":1633223798597,"message":"","name":"/Users/gim-eunhyul/Desktop/writer/src/tests/WritingApp/DoubleNegativeTest.test.tsx","startTime":1633223796681,"status":"passed","summary":""},{"assertionResults":[{"ancestorTitles":["Test"],"failureMessages":[],"fullName":"Test toggle on","location":null,"status":"passed","title":"toggle on"},{"ancestorTitles":["Test"],"failureMessages":[],"fullName":"Test toggle off","location":null,"status":"passed","title":"toggle off"}],"endTime":1633223798630,"message":"","name":"/Users/gim-eunhyul/Desktop/writer/src/tests/WritingApp/SentenceLengthTest.test.tsx","startTime":1633223796697,"status":"passed","summary":""},{"assertionResults":[{"ancestorTitles":["RightCase"],"failureMessages":[],"fullName":"RightCase toggle on","location":null,"status":"passed","title":"toggle on"},{"ancestorTitles":["RightCase"],"failureMessages":[],"fullName":"RightCase toggles off","location":null,"status":"passed","title":"toggles off"},{"ancestorTitles":["RightCase"],"failureMessages":[],"fullName":"RightCase toggle on","location":null,"status":"passed","title":"toggle on"},{"ancestorTitles":["RightCase"],"failureMessages":[],"fullName":"RightCase toggles off","location":null,"status":"passed","title":"toggles off"},{"ancestorTitles":["RightCase"],"failureMessages":[],"fullName":"RightCase toggle on","location":null,"status":"passed","title":"toggle on"},{"ancestorTitles":["RightCase"],"failureMessages":[],"fullName":"RightCase toggles off","location":null,"status":"passed","title":"toggles off"},{"ancestorTitles":["RightCase"],"failureMessages":[],"fullName":"RightCase toggle on","location":null,"status":"passed","title":"toggle on"},{"ancestorTitles":["RightCase"],"failureMessages":[],"fullName":"RightCase toggles off","location":null,"status":"passed","title":"toggles off"},{"ancestorTitles":["RightCase"],"failureMessages":[],"fullName":"RightCase toggle on","location":null,"status":"passed","title":"toggle on"},{"ancestorTitles":["RightCase"],"failureMessages":[],"fullName":"RightCase toggles off","location":null,"status":"passed","title":"toggles off"},{"ancestorTitles":["WrongCase"],"failureMessages":[],"fullName":"WrongCase toggle on","location":null,"status":"passed","title":"toggle on"},{"ancestorTitles":["WrongCase"],"failureMessages":[],"fullName":"WrongCase toggles off","location":null,"status":"passed","title":"toggles off"},{"ancestorTitles":["WrongCase"],"failureMessages":[],"fullName":"WrongCase toggle on","location":null,"status":"passed","title":"toggle on"},{"ancestorTitles":["WrongCase"],"failureMessages":[],"fullName":"WrongCase toggles off","location":null,"status":"passed","title":"toggles off"},{"ancestorTitles":["WrongCase"],"failureMessages":[],"fullName":"WrongCase toggle on","location":null,"status":"passed","title":"toggle on"},{"ancestorTitles":["WrongCase"],"failureMessages":[],"fullName":"WrongCase toggles off","location":null,"status":"passed","title":"toggles off"},{"ancestorTitles":["WrongCase"],"failureMessages":[],"fullName":"WrongCase toggle on","location":null,"status":"passed","title":"toggle on"},{"ancestorTitles":["WrongCase"],"failureMessages":[],"fullName":"WrongCase toggles off","location":null,"status":"passed","title":"toggles off"},{"ancestorTitles":["WrongCase"],"failureMessages":[],"fullName":"WrongCase toggle on","location":null,"status":"passed","title":"toggle on"},{"ancestorTitles":["WrongCase"],"failureMessages":[],"fullName":"WrongCase toggles off","location":null,"status":"passed","title":"toggles off"},{"ancestorTitles":["WrongCase"],"failureMessages":[],"fullName":"WrongCase toggle on","location":null,"status":"passed","title":"toggle on"},{"ancestorTitles":["WrongCase"],"failureMessages":[],"fullName":"WrongCase toggles off","location":null,"status":"passed","title":"toggles off"}],"endTime":1633223798637,"message":"","name":"/Users/gim-eunhyul/Desktop/writer/src/tests/WritingApp/RevisionTest.test.tsx","startTime":1633223796694,"status":"passed","summary":""},{"assertionResults":[{"ancestorTitles":["Test"],"failureMessages":[],"fullName":"Test toggle on","location":null,"status":"passed","title":"toggle on"},{"ancestorTitles":["Test"],"failureMessages":[],"fullName":"Test toggle off","location":null,"status":"passed","title":"toggle off"}],"endTime":1633223798639,"message":"","name":"/Users/gim-eunhyul/Desktop/writer/src/tests/WritingApp/ForeignWordTest.test.tsx","startTime":1633223796816,"status":"passed","summary":""},{"assertionResults":[{"ancestorTitles":["RightCase"],"failureMessages":[],"fullName":"RightCase toggle on","location":null,"status":"passed","title":"toggle on"},{"ancestorTitles":["RightCase"],"failureMessages":[],"fullName":"RightCase toggles off","location":null,"status":"passed","title":"toggles off"},{"ancestorTitles":["RightCase"],"failureMessages":[],"fullName":"RightCase toggle on","location":null,"status":"passed","title":"toggle on"},{"ancestorTitles":["RightCase"],"failureMessages":[],"fullName":"RightCase toggles off","location":null,"status":"passed","title":"toggles off"},{"ancestorTitles":["RightCase"],"failureMessages":[],"fullName":"RightCase toggle on","location":null,"status":"passed","title":"toggle on"},{"ancestorTitles":["RightCase"],"failureMessages":[],"fullName":"RightCase toggles off","location":null,"status":"passed","title":"toggles off"},{"ancestorTitles":["WrongCase"],"failureMessages":[],"fullName":"WrongCase toggle on","location":null,"status":"passed","title":"toggle on"},{"ancestorTitles":["WrongCase"],"failureMessages":[],"fullName":"WrongCase toggles off","location":null,"status":"passed","title":"toggles off"},{"ancestorTitles":["WrongCase"],"failureMessages":[],"fullName":"WrongCase toggle on","location":null,"status":"passed","title":"toggle on"},{"ancestorTitles":["WrongCase"],"failureMessages":[],"fullName":"WrongCase toggles off","location":null,"status":"passed","title":"toggles off"},{"ancestorTitles":["WrongCase"],"failureMessages":[],"fullName":"WrongCase toggle on","location":null,"status":"passed","title":"toggle on"},{"ancestorTitles":["WrongCase"],"failureMessages":[],"fullName":"WrongCase toggles off","location":null,"status":"passed","title":"toggles off"},{"ancestorTitles":["WrongCase"],"failureMessages":[],"fullName":"WrongCase toggle on","location":null,"status":"passed","title":"toggle on"},{"ancestorTitles":["WrongCase"],"failureMessages":[],"fullName":"WrongCase toggles off","location":null,"status":"passed","title":"toggles off"},{"ancestorTitles":["WrongCase"],"failureMessages":[],"fullName":"WrongCase toggle on","location":null,"status":"passed","title":"toggle on"},{"ancestorTitles":["WrongCase"],"failureMessages":[],"fullName":"WrongCase toggles off","location":null,"status":"passed","title":"toggles off"},{"ancestorTitles":["WrongCase"],"failureMessages":[],"fullName":"WrongCase toggle on","location":null,"status":"passed","title":"toggle on"},{"ancestorTitles":["WrongCase"],"failureMessages":[],"fullName":"WrongCase toggles off","location":null,"status":"passed","title":"toggles off"}],"endTime":1633223798661,"message":"","name":"/Users/gim-eunhyul/Desktop/writer/src/tests/WritingApp/BannedTest.test.tsx","startTime":1633223796823,"status":"passed","summary":""},{"assertionResults":[{"ancestorTitles":["Button"],"failureMessages":[],"fullName":"Button render","location":null,"status":"passed","title":"render"},{"ancestorTitles":["Button"],"failureMessages":[],"fullName":"Button classNames","location":null,"status":"passed","title":"classNames"},{"ancestorTitles":["Button"],"failureMessages":[],"fullName":"Button click event","location":null,"status":"passed","title":"click event"}],"endTime":1633223798679,"message":"","name":"/Users/gim-eunhyul/Desktop/writer/src/tests/WritingApp/Button.test.tsx","startTime":1633223796689,"status":"passed","summary":""},{"assertionResults":[],"coverage":{},"endTime":1633223798919,"message":"  \u001b[1m● \u001b[22mTest suite failed to run\n\n    Cannot find module '../lib' from 'node_modules/react-icons/ai/index.js'\n\n    Require stack:\n      node_modules/react-icons/ai/index.js\n      src/apps/WritingApp/components/ConfigButton.tsx\n      src/apps/WritingApp/components/index.tsx\n      src/tests/WritingApp/ReportModal.test.tsx\n\n      \u001b[2mat Resolver.resolveModule (\u001b[22mnode_modules/jest-resolve/build/index.js\u001b[2m:306:11)\u001b[22m\n      \u001b[2mat Object.<anonymous> (\u001b[22mnode_modules/react-icons/ai/index.js\u001b[2m:2:15)\u001b[22m\n","name":"/Users/gim-eunhyul/Desktop/writer/src/tests/WritingApp/ReportModal.test.tsx","startTime":1633223798919,"status":"failed","summary":""}],"wasInterrupted":false}